2025-03-21 22:07:41,192 [INFO] Starting all simulation components...
2025-03-21 22:07:41,193 [INFO] Starting mqtt_sensor_simulation.py...
2025-03-21 22:07:41,197 [INFO] Starting coap_sensor_simulation.py...
2025-03-21 22:07:41,199 [INFO] Starting opcua_sensor_simulation.py...
2025-03-21 22:07:41,204 [INFO] Starting data_visualization.py...
2025-03-21 22:07:41,266 [INFO] Data Visualization: Traceback (most recent call last):
2025-03-21 22:07:41,266 [INFO] Data Visualization: File "C:\Users\Wrigh\Desktop\IOT_L4\data_visualization.py", line 1, in <module>
2025-03-21 22:07:41,266 [INFO] Data Visualization: import paho.mqtt.client as mqtt
2025-03-21 22:07:41,266 [INFO] Data Visualization: ModuleNotFoundError: No module named 'paho'
2025-03-21 22:07:41,300 [INFO] MQTT Sensor: Traceback (most recent call last):
2025-03-21 22:07:41,300 [INFO] MQTT Sensor: File "C:\Users\Wrigh\Desktop\IOT_L4\mqtt_sensor_simulation.py", line 5, in <module>
2025-03-21 22:07:41,300 [INFO] MQTT Sensor: import paho.mqtt.client as mqtt
2025-03-21 22:07:41,300 [INFO] MQTT Sensor: ModuleNotFoundError: No module named 'paho'
2025-03-21 22:07:41,312 [INFO] OPC UA Sensor: Traceback (most recent call last):
2025-03-21 22:07:41,312 [INFO] OPC UA Sensor: File "C:\Users\Wrigh\Desktop\IOT_L4\opcua_sensor_simulation.py", line 1, in <module>
2025-03-21 22:07:41,312 [INFO] OPC UA Sensor: from asyncua import ua, Server
2025-03-21 22:07:41,312 [INFO] OPC UA Sensor: ModuleNotFoundError: No module named 'asyncua'
2025-03-21 22:07:41,394 [INFO] CoAP Sensor: Traceback (most recent call last):
2025-03-21 22:07:41,394 [INFO] CoAP Sensor: File "C:\Users\Wrigh\Desktop\IOT_L4\coap_sensor_simulation.py", line 4, in <module>
2025-03-21 22:07:41,395 [INFO] CoAP Sensor: from aiocoap import Context, Message, resource
2025-03-21 22:07:41,395 [INFO] CoAP Sensor: ModuleNotFoundError: No module named 'aiocoap'
2025-03-21 22:07:42,207 [WARNING] MQTT Sensor process terminated unexpectedly.
2025-03-21 22:07:42,207 [INFO] Terminating MQTT Sensor process...
2025-03-21 22:07:42,207 [INFO] Terminating CoAP Sensor process...
2025-03-21 22:07:42,207 [INFO] Terminating OPC UA Sensor process...
2025-03-21 22:07:42,207 [INFO] Terminating Data Visualization process...
2025-03-21 22:07:42,207 [INFO] All processes terminated. Exiting application.
2025-03-21 22:12:10,325 [INFO] Starting all simulation components...
2025-03-21 22:12:10,325 [INFO] Starting mqtt_sensor_simulation.py...
2025-03-21 22:12:10,329 [INFO] Starting coap_sensor_simulation.py...
2025-03-21 22:12:10,362 [INFO] Starting opcua_sensor_simulation.py...
2025-03-21 22:12:10,365 [INFO] Starting data_visualization.py...
2025-03-21 22:12:10,407 [INFO] MQTT Sensor: Traceback (most recent call last):
2025-03-21 22:12:10,407 [INFO] MQTT Sensor: File "C:\Users\Wrigh\Desktop\IOT_L4\mqtt_sensor_simulation.py", line 5, in <module>
2025-03-21 22:12:10,407 [INFO] MQTT Sensor: import paho.mqtt.client as mqtt
2025-03-21 22:12:10,408 [INFO] MQTT Sensor: ModuleNotFoundError: No module named 'paho'
2025-03-21 22:12:10,439 [INFO] Data Visualization: Traceback (most recent call last):
2025-03-21 22:12:10,439 [INFO] Data Visualization: File "C:\Users\Wrigh\Desktop\IOT_L4\data_visualization.py", line 1, in <module>
2025-03-21 22:12:10,439 [INFO] Data Visualization: import paho.mqtt.client as mqtt
2025-03-21 22:12:10,439 [INFO] Data Visualization: ModuleNotFoundError: No module named 'paho'
2025-03-21 22:12:10,462 [INFO] OPC UA Sensor: Traceback (most recent call last):
2025-03-21 22:12:10,462 [INFO] OPC UA Sensor: File "C:\Users\Wrigh\Desktop\IOT_L4\opcua_sensor_simulation.py", line 1, in <module>
2025-03-21 22:12:10,462 [INFO] OPC UA Sensor: from asyncua import ua, Server
2025-03-21 22:12:10,462 [INFO] OPC UA Sensor: ModuleNotFoundError: No module named 'asyncua'
2025-03-21 22:12:10,539 [INFO] CoAP Sensor: Traceback (most recent call last):
2025-03-21 22:12:10,539 [INFO] CoAP Sensor: File "C:\Users\Wrigh\Desktop\IOT_L4\coap_sensor_simulation.py", line 4, in <module>
2025-03-21 22:12:10,539 [INFO] CoAP Sensor: from aiocoap import Context, Message, resource
2025-03-21 22:12:10,540 [INFO] CoAP Sensor: ModuleNotFoundError: No module named 'aiocoap'
2025-03-21 22:12:11,370 [WARNING] MQTT Sensor process terminated unexpectedly.
2025-03-21 22:12:11,370 [INFO] Terminating MQTT Sensor process...
2025-03-21 22:12:11,370 [INFO] Terminating CoAP Sensor process...
2025-03-21 22:12:11,370 [INFO] Terminating OPC UA Sensor process...
2025-03-21 22:12:11,370 [INFO] Terminating Data Visualization process...
2025-03-21 22:12:11,370 [INFO] All processes terminated. Exiting application.
2025-03-21 22:13:32,395 [INFO] Starting all simulation components...
2025-03-21 22:13:32,396 [INFO] Starting mqtt_sensor_simulation.py...
2025-03-21 22:13:32,401 [INFO] Starting coap_sensor_simulation.py...
2025-03-21 22:13:32,408 [INFO] Starting opcua_sensor_simulation.py...
2025-03-21 22:13:32,415 [INFO] Starting data_visualization.py...
2025-03-21 22:13:32,554 [INFO] OPC UA Sensor: Traceback (most recent call last):
2025-03-21 22:13:32,554 [INFO] OPC UA Sensor: File "C:\Users\Wrigh\Desktop\IOT_L4\opcua_sensor_simulation.py", line 1, in <module>
2025-03-21 22:13:32,554 [INFO] OPC UA Sensor: from asyncua import ua, Server
2025-03-21 22:13:32,554 [INFO] OPC UA Sensor: ModuleNotFoundError: No module named 'asyncua'
2025-03-21 22:13:32,577 [INFO] Data Visualization: Traceback (most recent call last):
2025-03-21 22:13:32,577 [INFO] Data Visualization: File "C:\Users\Wrigh\Desktop\IOT_L4\data_visualization.py", line 1, in <module>
2025-03-21 22:13:32,577 [INFO] Data Visualization: import paho.mqtt.client as mqtt
2025-03-21 22:13:32,578 [INFO] Data Visualization: ModuleNotFoundError: No module named 'paho'
2025-03-21 22:13:32,597 [INFO] CoAP Sensor: Traceback (most recent call last):
2025-03-21 22:13:32,598 [INFO] CoAP Sensor: File "C:\Users\Wrigh\Desktop\IOT_L4\coap_sensor_simulation.py", line 4, in <module>
2025-03-21 22:13:32,598 [INFO] CoAP Sensor: from aiocoap import Context, Message, resource
2025-03-21 22:13:32,598 [INFO] CoAP Sensor: ModuleNotFoundError: No module named 'aiocoap'
2025-03-21 22:13:32,617 [INFO] MQTT Sensor: Traceback (most recent call last):
2025-03-21 22:13:32,617 [INFO] MQTT Sensor: File "C:\Users\Wrigh\Desktop\IOT_L4\mqtt_sensor_simulation.py", line 5, in <module>
2025-03-21 22:13:32,618 [INFO] MQTT Sensor: import paho.mqtt.client as mqtt
2025-03-21 22:13:32,618 [INFO] MQTT Sensor: ModuleNotFoundError: No module named 'paho'
2025-03-21 22:13:33,420 [WARNING] MQTT Sensor process terminated unexpectedly.
2025-03-21 22:13:33,420 [INFO] Terminating MQTT Sensor process...
2025-03-21 22:13:33,420 [INFO] Terminating CoAP Sensor process...
2025-03-21 22:13:33,420 [INFO] Terminating OPC UA Sensor process...
2025-03-21 22:13:33,420 [INFO] Terminating Data Visualization process...
2025-03-21 22:13:33,422 [INFO] All processes terminated. Exiting application.
2025-03-21 22:15:48,557 [INFO] requirements.txt not found. Installing individual dependencies...
2025-03-21 22:16:20,622 [INFO] Starting all simulation components...
2025-03-21 22:16:20,622 [INFO] Starting mqtt_sensor_simulation.py...
2025-03-21 22:16:20,626 [INFO] Starting coap_sensor_simulation.py...
2025-03-21 22:16:20,629 [INFO] Starting opcua_sensor_simulation.py...
2025-03-21 22:16:20,633 [INFO] Starting data_visualization.py...
2025-03-21 22:16:20,698 [INFO] MQTT Sensor: Traceback (most recent call last):
2025-03-21 22:16:20,698 [INFO] MQTT Sensor: File "C:\Users\Wrigh\Desktop\IOT_L4\mqtt_sensor_simulation.py", line 5, in <module>
2025-03-21 22:16:20,698 [INFO] MQTT Sensor: import paho.mqtt.client as mqtt
2025-03-21 22:16:20,698 [INFO] MQTT Sensor: ModuleNotFoundError: No module named 'paho'
2025-03-21 22:16:20,710 [INFO] OPC UA Sensor: Traceback (most recent call last):
2025-03-21 22:16:20,710 [INFO] OPC UA Sensor: File "C:\Users\Wrigh\Desktop\IOT_L4\opcua_sensor_simulation.py", line 1, in <module>
2025-03-21 22:16:20,710 [INFO] OPC UA Sensor: from asyncua import ua, Server
2025-03-21 22:16:20,710 [INFO] OPC UA Sensor: ModuleNotFoundError: No module named 'asyncua'
2025-03-21 22:16:20,757 [INFO] Data Visualization: Traceback (most recent call last):
2025-03-21 22:16:20,757 [INFO] Data Visualization: File "C:\Users\Wrigh\Desktop\IOT_L4\data_visualization.py", line 1, in <module>
2025-03-21 22:16:20,758 [INFO] Data Visualization: import paho.mqtt.client as mqtt
2025-03-21 22:16:20,758 [INFO] Data Visualization: ModuleNotFoundError: No module named 'paho'
2025-03-21 22:16:20,794 [INFO] CoAP Sensor: Traceback (most recent call last):
2025-03-21 22:16:20,794 [INFO] CoAP Sensor: File "C:\Users\Wrigh\Desktop\IOT_L4\coap_sensor_simulation.py", line 4, in <module>
2025-03-21 22:16:20,794 [INFO] CoAP Sensor: from aiocoap import Context, Message, resource
2025-03-21 22:16:20,794 [INFO] CoAP Sensor: ModuleNotFoundError: No module named 'aiocoap'
2025-03-21 22:16:21,637 [WARNING] MQTT Sensor process terminated unexpectedly.
2025-03-21 22:16:21,637 [INFO] Terminating MQTT Sensor process...
2025-03-21 22:16:21,637 [INFO] Terminating CoAP Sensor process...
2025-03-21 22:16:21,637 [INFO] Terminating OPC UA Sensor process...
2025-03-21 22:16:21,637 [INFO] Terminating Data Visualization process...
2025-03-21 22:16:21,637 [INFO] All processes terminated. Exiting application.
2025-03-21 22:16:56,498 [INFO] requirements.txt not found. Installing individual dependencies...
2025-03-21 22:17:02,202 [INFO] Starting all simulation components...
2025-03-21 22:17:02,203 [INFO] Starting mqtt_sensor_simulation.py...
2025-03-21 22:17:02,207 [INFO] Starting coap_sensor_simulation.py...
2025-03-21 22:17:02,211 [INFO] Starting opcua_sensor_simulation.py...
2025-03-21 22:17:02,215 [INFO] Starting data_visualization.py...
2025-03-21 22:17:03,073 [INFO] Data Visualization: Traceback (most recent call last):
2025-03-21 22:17:03,073 [INFO] Data Visualization: File "C:\Users\Wrigh\Desktop\IOT_L4\data_visualization.py", line 2, in <module>
2025-03-21 22:17:03,073 [INFO] Data Visualization: import pandas as pd
2025-03-21 22:17:03,073 [INFO] Data Visualization: File "C:\Users\Wrigh\Desktop\IOT_L4\.IOT_L4_venv\Lib\site-packages\pandas\__init__.py", line 59, in <module>
2025-03-21 22:17:03,073 [INFO] Data Visualization: from pandas.core.api import (
2025-03-21 22:17:03,073 [INFO] Data Visualization: File "C:\Users\Wrigh\Desktop\IOT_L4\.IOT_L4_venv\Lib\site-packages\pandas\core\api.py", line 1, in <module>
2025-03-21 22:17:03,074 [INFO] Data Visualization: from pandas._libs import (
2025-03-21 22:17:03,074 [INFO] Data Visualization: File "C:\Users\Wrigh\Desktop\IOT_L4\.IOT_L4_venv\Lib\site-packages\pandas\_libs\__init__.py", line 18, in <module>
2025-03-21 22:17:03,074 [INFO] Data Visualization: from pandas._libs.interval import Interval
2025-03-21 22:17:03,074 [INFO] Data Visualization: File "interval.pyx", line 1, in init pandas._libs.interval
2025-03-21 22:17:03,074 [INFO] Data Visualization: ValueError: numpy.dtype size changed, may indicate binary incompatibility. Expected 96 from C header, got 88 from PyObject
2025-03-21 22:17:03,220 [WARNING] Data Visualization process terminated unexpectedly.
2025-03-21 22:17:03,220 [INFO] Terminating MQTT Sensor process...
2025-03-21 22:17:03,220 [INFO] Terminating CoAP Sensor process...
2025-03-21 22:17:03,220 [INFO] Terminating OPC UA Sensor process...
2025-03-21 22:17:03,220 [INFO] Terminating Data Visualization process...
2025-03-21 22:17:03,221 [INFO] All processes terminated. Exiting application.
2025-03-21 22:17:44,033 [INFO] requirements.txt not found. Installing individual dependencies...
2025-03-21 22:17:56,268 [INFO] Starting all simulation components...
2025-03-21 22:17:56,268 [INFO] Starting mqtt_sensor_simulation.py...
2025-03-21 22:17:56,272 [INFO] Starting coap_sensor_simulation.py...
2025-03-21 22:17:56,275 [INFO] Starting opcua_sensor_simulation.py...
2025-03-21 22:17:56,279 [INFO] Starting data_visualization.py...
2025-03-21 22:17:57,646 [INFO] OPC UA Sensor: Traceback (most recent call last):
2025-03-21 22:17:57,646 [INFO] OPC UA Sensor: File "C:\Users\Wrigh\Desktop\IOT_L4\opcua_sensor_simulation.py", line 38, in <module>
2025-03-21 22:17:57,647 [INFO] OPC UA Sensor: asyncio.run(main())
2025-03-21 22:17:57,647 [INFO] OPC UA Sensor: File "C:\Users\Wrigh\AppData\Local\Programs\Python\Python311\Lib\asyncio\runners.py", line 190, in run
2025-03-21 22:17:57,647 [INFO] OPC UA Sensor: return runner.run(main)
2025-03-21 22:17:57,647 [INFO] OPC UA Sensor: ^^^^^^^^^^^^^^^^
2025-03-21 22:17:57,647 [INFO] OPC UA Sensor: File "C:\Users\Wrigh\AppData\Local\Programs\Python\Python311\Lib\asyncio\runners.py", line 118, in run
2025-03-21 22:17:57,647 [INFO] OPC UA Sensor: return self._loop.run_until_complete(task)
2025-03-21 22:17:57,647 [INFO] OPC UA Sensor: ^^^^^^^^^^^^^^^^^^^^^^^^^^^^^^^^^^^
2025-03-21 22:17:57,647 [INFO] OPC UA Sensor: File "C:\Users\Wrigh\AppData\Local\Programs\Python\Python311\Lib\asyncio\base_events.py", line 654, in run_until_complete
2025-03-21 22:17:57,647 [INFO] OPC UA Sensor: return future.result()
2025-03-21 22:17:57,648 [INFO] OPC UA Sensor: ^^^^^^^^^^^^^^^
2025-03-21 22:17:57,648 [INFO] OPC UA Sensor: File "C:\Users\Wrigh\Desktop\IOT_L4\opcua_sensor_simulation.py", line 13, in main
2025-03-21 22:17:57,648 [INFO] OPC UA Sensor: objects = await server.get_objects_node()
2025-03-21 22:17:57,648 [INFO] OPC UA Sensor: ^^^^^^^^^^^^^^^^^^^^^^^^^^^^^^^
2025-03-21 22:17:57,648 [INFO] OPC UA Sensor: TypeError: object Node can't be used in 'await' expression
2025-03-21 22:17:58,285 [WARNING] OPC UA Sensor process terminated unexpectedly.
2025-03-21 22:17:58,285 [INFO] Terminating MQTT Sensor process...
2025-03-21 22:17:58,285 [INFO] Terminating CoAP Sensor process...
2025-03-21 22:17:58,285 [INFO] Terminating OPC UA Sensor process...
2025-03-21 22:17:58,285 [INFO] Terminating Data Visualization process...
2025-03-21 22:17:58,287 [INFO] All processes terminated. Exiting application.
2025-03-21 22:19:00,318 [INFO] requirements.txt not found. Installing individual dependencies...
2025-03-21 22:19:06,855 [INFO] Starting all simulation components...
2025-03-21 22:19:06,857 [INFO] Starting mqtt_sensor_simulation.py...
2025-03-21 22:19:06,861 [INFO] Starting coap_sensor_simulation.py...
2025-03-21 22:19:06,864 [INFO] Starting opcua_sensor_simulation.py...
2025-03-21 22:19:06,867 [INFO] Starting data_visualization.py...
2025-03-21 22:19:07,992 [INFO] OPC UA Sensor: Endpoints other than open requested but private key and certificate are not set.
2025-03-21 22:19:11,329 [INFO] MQTT Sensor: Traceback (most recent call last):
2025-03-21 22:19:11,329 [INFO] MQTT Sensor: File "C:\Users\Wrigh\Desktop\IOT_L4\mqtt_sensor_simulation.py", line 30, in <module>
2025-03-21 22:19:11,329 [INFO] MQTT Sensor: simulate_sensor_data()
2025-03-21 22:19:11,330 [INFO] MQTT Sensor: File "C:\Users\Wrigh\Desktop\IOT_L4\mqtt_sensor_simulation.py", line 9, in simulate_sensor_data
2025-03-21 22:19:11,330 [INFO] MQTT Sensor: client.connect("localhost", 1883)
2025-03-21 22:19:11,330 [INFO] MQTT Sensor: File "C:\Users\Wrigh\Desktop\IOT_L4\.IOT_L4_venv\Lib\site-packages\paho\mqtt\client.py", line 1435, in connect
2025-03-21 22:19:11,330 [INFO] MQTT Sensor: return self.reconnect()
2025-03-21 22:19:11,330 [INFO] MQTT Sensor: ^^^^^^^^^^^^^^^^
2025-03-21 22:19:11,330 [INFO] MQTT Sensor: File "C:\Users\Wrigh\Desktop\IOT_L4\.IOT_L4_venv\Lib\site-packages\paho\mqtt\client.py", line 1598, in reconnect
2025-03-21 22:19:11,330 [INFO] MQTT Sensor: self._sock = self._create_socket()
2025-03-21 22:19:11,330 [INFO] MQTT Sensor: ^^^^^^^^^^^^^^^^^^^^^
2025-03-21 22:19:11,330 [INFO] MQTT Sensor: File "C:\Users\Wrigh\Desktop\IOT_L4\.IOT_L4_venv\Lib\site-packages\paho\mqtt\client.py", line 4609, in _create_socket
2025-03-21 22:19:11,330 [INFO] MQTT Sensor: sock = self._create_socket_connection()
2025-03-21 22:19:11,331 [INFO] MQTT Sensor: ^^^^^^^^^^^^^^^^^^^^^^^^^^^^^^^^
2025-03-21 22:19:11,331 [INFO] MQTT Sensor: File "C:\Users\Wrigh\Desktop\IOT_L4\.IOT_L4_venv\Lib\site-packages\paho\mqtt\client.py", line 4640, in _create_socket_connection
2025-03-21 22:19:11,331 [INFO] MQTT Sensor: return socket.create_connection(addr, timeout=self._connect_timeout, source_address=source)
2025-03-21 22:19:11,331 [INFO] MQTT Sensor: ^^^^^^^^^^^^^^^^^^^^^^^^^^^^^^^^^^^^^^^^^^^^^^^^^^^^^^^^^^^^^^^^^^^^^^^^^^^^^^^^^^^^
2025-03-21 22:19:11,331 [INFO] MQTT Sensor: File "C:\Users\Wrigh\AppData\Local\Programs\Python\Python311\Lib\socket.py", line 851, in create_connection
2025-03-21 22:19:11,342 [INFO] MQTT Sensor: raise exceptions[0]
2025-03-21 22:19:11,342 [INFO] MQTT Sensor: File "C:\Users\Wrigh\AppData\Local\Programs\Python\Python311\Lib\socket.py", line 836, in create_connection
2025-03-21 22:19:11,342 [INFO] MQTT Sensor: sock.connect(sa)
2025-03-21 22:19:11,342 [INFO] MQTT Sensor: ConnectionRefusedError: [WinError 10061] No connection could be made because the target machine actively refused it
2025-03-21 22:19:11,661 [INFO] Data Visualization: Traceback (most recent call last):
2025-03-21 22:19:11,661 [INFO] Data Visualization: File "C:\Users\Wrigh\Desktop\IOT_L4\data_visualization.py", line 45, in <module>
2025-03-21 22:19:11,661 [INFO] Data Visualization: client.connect("localhost", 1883)
2025-03-21 22:19:11,661 [INFO] Data Visualization: File "C:\Users\Wrigh\Desktop\IOT_L4\.IOT_L4_venv\Lib\site-packages\paho\mqtt\client.py", line 1435, in connect
2025-03-21 22:19:11,661 [INFO] Data Visualization: return self.reconnect()
2025-03-21 22:19:11,662 [INFO] Data Visualization: ^^^^^^^^^^^^^^^^
2025-03-21 22:19:11,662 [INFO] Data Visualization: File "C:\Users\Wrigh\Desktop\IOT_L4\.IOT_L4_venv\Lib\site-packages\paho\mqtt\client.py", line 1598, in reconnect
2025-03-21 22:19:11,662 [INFO] Data Visualization: self._sock = self._create_socket()
2025-03-21 22:19:11,662 [INFO] Data Visualization: ^^^^^^^^^^^^^^^^^^^^^
2025-03-21 22:19:11,662 [INFO] Data Visualization: File "C:\Users\Wrigh\Desktop\IOT_L4\.IOT_L4_venv\Lib\site-packages\paho\mqtt\client.py", line 4609, in _create_socket
2025-03-21 22:19:11,662 [INFO] Data Visualization: sock = self._create_socket_connection()
2025-03-21 22:19:11,662 [INFO] Data Visualization: ^^^^^^^^^^^^^^^^^^^^^^^^^^^^^^^^
2025-03-21 22:19:11,662 [INFO] Data Visualization: File "C:\Users\Wrigh\Desktop\IOT_L4\.IOT_L4_venv\Lib\site-packages\paho\mqtt\client.py", line 4640, in _create_socket_connection
2025-03-21 22:19:11,662 [INFO] Data Visualization: return socket.create_connection(addr, timeout=self._connect_timeout, source_address=source)
2025-03-21 22:19:11,662 [INFO] Data Visualization: ^^^^^^^^^^^^^^^^^^^^^^^^^^^^^^^^^^^^^^^^^^^^^^^^^^^^^^^^^^^^^^^^^^^^^^^^^^^^^^^^^^^^
2025-03-21 22:19:11,662 [INFO] Data Visualization: File "C:\Users\Wrigh\AppData\Local\Programs\Python\Python311\Lib\socket.py", line 851, in create_connection
2025-03-21 22:19:11,663 [INFO] Data Visualization: raise exceptions[0]
2025-03-21 22:19:11,663 [INFO] Data Visualization: File "C:\Users\Wrigh\AppData\Local\Programs\Python\Python311\Lib\socket.py", line 836, in create_connection
2025-03-21 22:19:11,663 [INFO] Data Visualization: sock.connect(sa)
2025-03-21 22:19:11,663 [INFO] Data Visualization: ConnectionRefusedError: [WinError 10061] No connection could be made because the target machine actively refused it
2025-03-21 22:19:11,873 [WARNING] MQTT Sensor process terminated unexpectedly.
2025-03-21 22:19:11,873 [INFO] Terminating MQTT Sensor process...
2025-03-21 22:19:11,873 [INFO] Terminating CoAP Sensor process...
2025-03-21 22:19:11,874 [INFO] Terminating OPC UA Sensor process...
2025-03-21 22:19:11,874 [INFO] Terminating Data Visualization process...
2025-03-21 22:19:11,875 [INFO] All processes terminated. Exiting application.
2025-03-21 22:19:48,279 [INFO] requirements.txt not found. Installing individual dependencies...
2025-03-21 22:19:56,755 [ERROR] MQTT broker not running on localhost:1883. Please start an MQTT broker (e.g., Mosquitto) and try again.
2025-03-21 22:24:58,347 [INFO] requirements.txt not found. Installing individual dependencies...
2025-03-21 22:25:04,954 [INFO] Starting all simulation components...
2025-03-21 22:25:04,954 [INFO] Starting mqtt_sensor_simulation.py...
2025-03-21 22:25:04,958 [INFO] Starting coap_sensor_simulation.py...
2025-03-21 22:25:04,961 [INFO] Starting opcua_sensor_simulation.py...
2025-03-21 22:25:04,965 [INFO] Starting data_visualization.py...
2025-03-21 22:25:06,268 [INFO] OPC UA Sensor: Endpoints other than open requested but private key and certificate are not set.
2025-03-21 22:25:06,401 [INFO] Data Visualization: C:\Users\Wrigh\Desktop\IOT_L4\data_visualization.py:37: UserWarning: Starting a Matplotlib GUI outside of the main thread will likely fail.
2025-03-21 22:25:06,401 [INFO] Data Visualization: plt.pause(0.1)
2025-03-21 22:25:08,455 [INFO] Data Visualization: Connected with result code Success
2025-03-21 22:25:08,455 [INFO] Data Visualization: Error processing message: Calling Tcl from different apartment
2025-03-21 22:25:08,455 [INFO] Data Visualization: Error processing message: main thread is not in main loop
2025-03-21 22:25:08,971 [WARNING] Data Visualization process terminated unexpectedly.
2025-03-21 22:25:08,971 [INFO] Terminating MQTT Sensor process...
2025-03-21 22:25:08,971 [INFO] Terminating CoAP Sensor process...
2025-03-21 22:25:08,971 [INFO] Terminating OPC UA Sensor process...
2025-03-21 22:25:08,971 [INFO] Terminating Data Visualization process...
2025-03-21 22:25:08,973 [INFO] All processes terminated. Exiting application.
2025-03-21 22:28:19,221 [INFO] requirements.txt not found. Installing individual dependencies...
2025-03-21 22:28:25,755 [INFO] Starting all simulation components...
2025-03-21 22:28:25,757 [INFO] Starting mqtt_sensor_simulation.py...
2025-03-21 22:28:25,760 [INFO] Starting coap_sensor_simulation.py...
2025-03-21 22:28:25,763 [INFO] Starting opcua_sensor_simulation.py...
2025-03-21 22:28:25,767 [INFO] Starting data_visualization.py...
2025-03-21 22:28:26,779 [INFO] Data Visualization: No artists with labels found to put in legend.  Note that artists whose label start with an underscore are ignored when legend() is called with no argument.
2025-03-21 22:28:26,894 [INFO] Data Visualization: No artists with labels found to put in legend.  Note that artists whose label start with an underscore are ignored when legend() is called with no argument.
2025-03-21 22:28:27,021 [INFO] Data Visualization: No artists with labels found to put in legend.  Note that artists whose label start with an underscore are ignored when legend() is called with no argument.
2025-03-21 22:28:27,035 [INFO] OPC UA Sensor: Endpoints other than open requested but private key and certificate are not set.
2025-03-21 22:28:27,161 [INFO] Data Visualization: No artists with labels found to put in legend.  Note that artists whose label start with an underscore are ignored when legend() is called with no argument.
2025-03-21 22:30:42,484 [INFO] MQTT Sensor: Published - Temperature: 23.24°C, Humidity: 48.31%
2025-03-21 22:30:42,484 [INFO] Keyboard interrupt received. Terminating all processes...
2025-03-21 22:30:42,484 [INFO] MQTT Sensor: Published - Temperature: 21.77°C, Humidity: 32.18%
2025-03-21 22:30:42,485 [INFO] Terminating MQTT Sensor process...
2025-03-21 22:30:42,485 [INFO] MQTT Sensor: Published - Temperature: 22.18°C, Humidity: 48.98%
2025-03-21 22:30:42,485 [INFO] Terminating CoAP Sensor process...
2025-03-21 22:30:42,485 [INFO] MQTT Sensor: Published - Temperature: 24.89°C, Humidity: 49.89%
2025-03-21 22:30:42,485 [INFO] Terminating OPC UA Sensor process...
2025-03-21 22:30:42,485 [INFO] CoAP Sensor: CoAP server started on port 5683
2025-03-21 22:30:42,486 [INFO] MQTT Sensor: Published - Temperature: 22.16°C, Humidity: 34.25%
2025-03-21 22:30:42,486 [INFO] Terminating Data Visualization process...
2025-03-21 22:30:42,486 [INFO] CoAP Sensor: Traceback (most recent call last):
2025-03-21 22:30:42,486 [INFO] MQTT Sensor: Published - Temperature: 24.13°C, Humidity: 32.87%
2025-03-21 22:30:42,486 [INFO] CoAP Sensor: File "C:\Users\Wrigh\AppData\Local\Programs\Python\Python311\Lib\asyncio\runners.py", line 118, in run
2025-03-21 22:30:42,487 [INFO] MQTT Sensor: Published - Temperature: 20.18°C, Humidity: 33.83%
2025-03-21 22:30:42,487 [INFO] MQTT Sensor: Published - Temperature: 20.60°C, Humidity: 40.88%
2025-03-21 22:30:42,487 [INFO] MQTT Sensor: Published - Temperature: 22.64°C, Humidity: 49.35%
2025-03-21 22:30:42,487 [INFO] MQTT Sensor: Published - Temperature: 22.61°C, Humidity: 49.53%
2025-03-21 22:30:42,487 [INFO] MQTT Sensor: Published - Temperature: 23.81°C, Humidity: 48.49%
2025-03-21 22:30:42,487 [INFO] MQTT Sensor: Published - Temperature: 20.35°C, Humidity: 45.33%
2025-03-21 22:30:42,488 [INFO] MQTT Sensor: Published - Temperature: 22.75°C, Humidity: 49.61%
2025-03-21 22:30:42,488 [INFO] MQTT Sensor: Published - Temperature: 20.88°C, Humidity: 33.93%
2025-03-21 22:30:42,488 [INFO] MQTT Sensor: Published - Temperature: 23.83°C, Humidity: 49.04%
2025-03-21 22:30:42,488 [INFO] MQTT Sensor: Published - Temperature: 23.81°C, Humidity: 30.72%
2025-03-21 22:30:42,488 [INFO] MQTT Sensor: Published - Temperature: 23.17°C, Humidity: 46.47%
2025-03-21 22:30:42,488 [INFO] MQTT Sensor: Published - Temperature: 22.63°C, Humidity: 38.65%
2025-03-21 22:30:42,488 [INFO] MQTT Sensor: Published - Temperature: 20.60°C, Humidity: 37.28%
2025-03-21 22:30:42,488 [INFO] MQTT Sensor: Published - Temperature: 23.43°C, Humidity: 32.82%
2025-03-21 22:30:42,489 [INFO] MQTT Sensor: Published - Temperature: 20.26°C, Humidity: 30.34%
2025-03-21 22:30:42,489 [INFO] MQTT Sensor: Published - Temperature: 21.43°C, Humidity: 36.80%
2025-03-21 22:30:42,489 [INFO] MQTT Sensor: Published - Temperature: 20.76°C, Humidity: 34.92%
2025-03-21 22:30:42,489 [INFO] MQTT Sensor: Published - Temperature: 21.97°C, Humidity: 46.12%
2025-03-21 22:30:42,489 [INFO] MQTT Sensor: Published - Temperature: 22.35°C, Humidity: 30.06%
2025-03-21 22:30:42,489 [INFO] MQTT Sensor: Published - Temperature: 21.89°C, Humidity: 34.17%
2025-03-21 22:30:42,489 [INFO] MQTT Sensor: Published - Temperature: 23.45°C, Humidity: 37.26%
2025-03-21 22:30:42,489 [INFO] MQTT Sensor: Published - Temperature: 21.90°C, Humidity: 49.58%
2025-03-21 22:30:42,489 [INFO] MQTT Sensor: Published - Temperature: 23.22°C, Humidity: 40.56%
2025-03-21 22:30:42,489 [INFO] MQTT Sensor: Published - Temperature: 24.71°C, Humidity: 38.15%
2025-03-21 22:30:42,489 [INFO] MQTT Sensor: Published - Temperature: 23.83°C, Humidity: 32.37%
2025-03-21 22:30:42,489 [INFO] MQTT Sensor: Published - Temperature: 20.85°C, Humidity: 34.85%
2025-03-21 22:30:42,491 [INFO] MQTT Sensor: Published - Temperature: 24.17°C, Humidity: 43.68%
2025-03-21 22:30:42,491 [INFO] MQTT Sensor: Published - Temperature: 22.40°C, Humidity: 30.52%
2025-03-21 22:30:42,491 [INFO] MQTT Sensor: Published - Temperature: 22.05°C, Humidity: 31.72%
2025-03-21 22:30:42,491 [INFO] MQTT Sensor: Published - Temperature: 21.81°C, Humidity: 48.10%
2025-03-21 22:30:42,491 [INFO] MQTT Sensor: Published - Temperature: 24.13°C, Humidity: 39.70%
2025-03-21 22:30:42,491 [INFO] MQTT Sensor: Published - Temperature: 23.20°C, Humidity: 35.80%
2025-03-21 22:30:42,491 [INFO] MQTT Sensor: Published - Temperature: 21.70°C, Humidity: 35.75%
2025-03-21 22:30:42,491 [INFO] MQTT Sensor: Published - Temperature: 22.95°C, Humidity: 41.30%
2025-03-21 22:30:42,492 [INFO] MQTT Sensor: Published - Temperature: 23.73°C, Humidity: 37.85%
2025-03-21 22:30:42,492 [INFO] MQTT Sensor: Published - Temperature: 24.46°C, Humidity: 36.97%
2025-03-21 22:30:42,492 [INFO] MQTT Sensor: Published - Temperature: 23.19°C, Humidity: 49.65%
2025-03-21 22:30:42,492 [INFO] MQTT Sensor: Published - Temperature: 23.68°C, Humidity: 35.08%
2025-03-21 22:30:42,492 [INFO] MQTT Sensor: Published - Temperature: 22.51°C, Humidity: 47.18%
2025-03-21 22:30:42,492 [INFO] MQTT Sensor: Published - Temperature: 21.36°C, Humidity: 38.43%
2025-03-21 22:30:42,492 [INFO] MQTT Sensor: Published - Temperature: 23.57°C, Humidity: 36.12%
2025-03-21 22:30:42,492 [INFO] MQTT Sensor: Published - Temperature: 22.55°C, Humidity: 36.07%
2025-03-21 22:30:42,492 [INFO] MQTT Sensor: Published - Temperature: 22.68°C, Humidity: 35.33%
2025-03-21 22:30:42,493 [INFO] MQTT Sensor: Published - Temperature: 23.16°C, Humidity: 47.46%
2025-03-21 22:30:42,493 [INFO] MQTT Sensor: Published - Temperature: 22.84°C, Humidity: 38.12%
2025-03-21 22:30:42,493 [INFO] MQTT Sensor: Published - Temperature: 21.39°C, Humidity: 36.02%
2025-03-21 22:30:42,493 [INFO] MQTT Sensor: Published - Temperature: 24.80°C, Humidity: 32.00%
2025-03-21 22:30:42,493 [INFO] MQTT Sensor: Published - Temperature: 20.77°C, Humidity: 42.44%
2025-03-21 22:30:42,494 [INFO] MQTT Sensor: Published - Temperature: 24.14°C, Humidity: 31.83%
2025-03-21 22:30:42,494 [INFO] MQTT Sensor: Published - Temperature: 20.49°C, Humidity: 48.31%
2025-03-21 22:30:42,494 [INFO] MQTT Sensor: Published - Temperature: 24.60°C, Humidity: 41.71%
2025-03-21 22:30:42,494 [INFO] MQTT Sensor: Published - Temperature: 24.59°C, Humidity: 41.98%
2025-03-21 22:30:42,494 [INFO] MQTT Sensor: Published - Temperature: 21.70°C, Humidity: 41.71%
2025-03-21 22:30:42,494 [INFO] MQTT Sensor: Published - Temperature: 22.08°C, Humidity: 33.48%
2025-03-21 22:30:42,494 [INFO] MQTT Sensor: Published - Temperature: 21.39°C, Humidity: 40.09%
2025-03-21 22:30:42,494 [INFO] MQTT Sensor: Published - Temperature: 21.18°C, Humidity: 44.12%
2025-03-21 22:30:42,494 [INFO] MQTT Sensor: Published - Temperature: 22.87°C, Humidity: 30.98%
2025-03-21 22:30:42,494 [INFO] MQTT Sensor: Published - Temperature: 23.18°C, Humidity: 46.41%
2025-03-21 22:30:42,494 [INFO] MQTT Sensor: Published - Temperature: 22.13°C, Humidity: 41.48%
2025-03-21 22:30:42,495 [INFO] MQTT Sensor: Published - Temperature: 20.54°C, Humidity: 43.67%
2025-03-21 22:30:42,495 [INFO] MQTT Sensor: Published - Temperature: 23.04°C, Humidity: 47.54%
2025-03-21 22:30:42,495 [INFO] MQTT Sensor: Published - Temperature: 23.24°C, Humidity: 48.53%
2025-03-21 22:30:42,495 [INFO] MQTT Sensor: Published - Temperature: 22.24°C, Humidity: 46.07%
2025-03-21 22:30:42,495 [INFO] MQTT Sensor: Published - Temperature: 22.36°C, Humidity: 38.92%
2025-03-21 22:30:42,495 [INFO] MQTT Sensor: Published - Temperature: 22.31°C, Humidity: 33.46%
2025-03-21 22:30:42,495 [INFO] MQTT Sensor: Published - Temperature: 24.33°C, Humidity: 46.41%
2025-03-21 22:30:42,495 [INFO] MQTT Sensor: Published - Temperature: 24.71°C, Humidity: 49.81%
2025-03-21 22:30:42,495 [INFO] MQTT Sensor: Published - Temperature: 24.71°C, Humidity: 38.85%
2025-03-21 22:30:42,495 [INFO] MQTT Sensor: Published - Temperature: 20.58°C, Humidity: 37.84%
2025-03-21 22:30:42,496 [INFO] MQTT Sensor: Published - Temperature: 21.07°C, Humidity: 46.34%
2025-03-21 22:30:42,496 [INFO] MQTT Sensor: Published - Temperature: 23.81°C, Humidity: 42.33%
2025-03-21 22:30:42,496 [INFO] MQTT Sensor: Published - Temperature: 22.60°C, Humidity: 36.02%
2025-03-21 22:30:42,496 [INFO] MQTT Sensor: Published - Temperature: 24.05°C, Humidity: 39.07%
2025-03-21 22:30:42,496 [INFO] MQTT Sensor: Published - Temperature: 23.61°C, Humidity: 42.80%
2025-03-21 22:30:42,496 [INFO] MQTT Sensor: Published - Temperature: 24.45°C, Humidity: 45.31%
2025-03-21 22:30:42,496 [INFO] MQTT Sensor: Published - Temperature: 22.66°C, Humidity: 49.92%
2025-03-21 22:30:42,496 [INFO] MQTT Sensor: Published - Temperature: 23.13°C, Humidity: 42.96%
2025-03-21 22:30:42,497 [INFO] MQTT Sensor: Published - Temperature: 20.06°C, Humidity: 33.42%
2025-03-21 22:30:42,497 [INFO] MQTT Sensor: Published - Temperature: 21.75°C, Humidity: 44.51%
2025-03-21 22:30:42,497 [INFO] MQTT Sensor: Published - Temperature: 23.35°C, Humidity: 44.04%
2025-03-21 22:30:42,497 [INFO] MQTT Sensor: Published - Temperature: 21.78°C, Humidity: 34.29%
2025-03-21 22:30:42,497 [INFO] MQTT Sensor: Published - Temperature: 21.82°C, Humidity: 40.58%
2025-03-21 22:30:42,497 [INFO] MQTT Sensor: Published - Temperature: 21.03°C, Humidity: 36.46%
2025-03-21 22:30:42,497 [INFO] MQTT Sensor: Published - Temperature: 21.28°C, Humidity: 36.37%
2025-03-21 22:30:42,498 [INFO] MQTT Sensor: Published - Temperature: 20.38°C, Humidity: 48.43%
2025-03-21 22:30:42,498 [INFO] MQTT Sensor: Published - Temperature: 23.74°C, Humidity: 30.17%
2025-03-21 22:30:42,498 [INFO] MQTT Sensor: Published - Temperature: 23.87°C, Humidity: 41.06%
2025-03-21 22:30:42,498 [INFO] MQTT Sensor: Published - Temperature: 20.33°C, Humidity: 40.66%
2025-03-21 22:30:42,498 [INFO] MQTT Sensor: Published - Temperature: 23.62°C, Humidity: 37.96%
2025-03-21 22:30:42,498 [INFO] MQTT Sensor: Published - Temperature: 23.07°C, Humidity: 36.64%
2025-03-21 22:30:42,498 [INFO] MQTT Sensor: Published - Temperature: 23.89°C, Humidity: 47.76%
2025-03-21 22:30:42,498 [INFO] MQTT Sensor: Published - Temperature: 21.70°C, Humidity: 45.81%
2025-03-21 22:30:42,498 [INFO] MQTT Sensor: Published - Temperature: 20.73°C, Humidity: 43.84%
2025-03-21 22:30:42,499 [INFO] MQTT Sensor: Published - Temperature: 20.27°C, Humidity: 42.89%
2025-03-21 22:30:42,499 [INFO] MQTT Sensor: Published - Temperature: 24.44°C, Humidity: 49.58%
2025-03-21 22:30:42,499 [INFO] MQTT Sensor: Published - Temperature: 20.96°C, Humidity: 43.33%
2025-03-21 22:30:42,499 [INFO] MQTT Sensor: Published - Temperature: 20.83°C, Humidity: 49.48%
2025-03-21 22:30:42,499 [INFO] MQTT Sensor: Published - Temperature: 22.72°C, Humidity: 33.00%
2025-03-21 22:30:42,499 [INFO] MQTT Sensor: Published - Temperature: 20.96°C, Humidity: 43.00%
2025-03-21 22:30:42,499 [INFO] MQTT Sensor: Published - Temperature: 23.21°C, Humidity: 44.56%
2025-03-21 22:30:42,499 [INFO] MQTT Sensor: Published - Temperature: 22.81°C, Humidity: 34.30%
2025-03-21 22:30:42,499 [INFO] MQTT Sensor: Published - Temperature: 22.12°C, Humidity: 42.69%
2025-03-21 22:30:42,499 [INFO] MQTT Sensor: Published - Temperature: 23.63°C, Humidity: 47.36%
2025-03-21 22:30:42,500 [INFO] MQTT Sensor: Published - Temperature: 21.27°C, Humidity: 31.67%
2025-03-21 22:30:42,500 [INFO] MQTT Sensor: Published - Temperature: 20.10°C, Humidity: 37.43%
2025-03-21 22:30:42,500 [INFO] MQTT Sensor: Published - Temperature: 21.07°C, Humidity: 37.84%
2025-03-21 22:30:42,500 [INFO] MQTT Sensor: Published - Temperature: 21.16°C, Humidity: 36.31%
2025-03-21 22:30:42,500 [INFO] MQTT Sensor: Published - Temperature: 23.27°C, Humidity: 30.74%
2025-03-21 22:30:42,500 [INFO] MQTT Sensor: Published - Temperature: 21.03°C, Humidity: 38.09%
2025-03-21 22:30:42,500 [INFO] MQTT Sensor: Published - Temperature: 20.83°C, Humidity: 37.91%
2025-03-21 22:30:42,500 [INFO] MQTT Sensor: Published - Temperature: 23.66°C, Humidity: 42.71%
2025-03-21 22:30:42,500 [INFO] MQTT Sensor: Published - Temperature: 21.49°C, Humidity: 31.21%
2025-03-21 22:30:42,500 [INFO] MQTT Sensor: Published - Temperature: 24.65°C, Humidity: 40.53%
2025-03-21 22:30:42,501 [INFO] MQTT Sensor: Published - Temperature: 22.62°C, Humidity: 32.15%
2025-03-21 22:30:42,501 [INFO] MQTT Sensor: Published - Temperature: 21.49°C, Humidity: 46.44%
2025-03-21 22:30:42,501 [INFO] MQTT Sensor: Published - Temperature: 20.31°C, Humidity: 38.05%
2025-03-21 22:30:42,501 [INFO] MQTT Sensor: Published - Temperature: 22.82°C, Humidity: 31.77%
2025-03-21 22:30:42,501 [INFO] MQTT Sensor: Published - Temperature: 22.16°C, Humidity: 39.27%
2025-03-21 22:30:42,501 [INFO] MQTT Sensor: Published - Temperature: 20.66°C, Humidity: 46.29%
2025-03-21 22:30:42,501 [INFO] MQTT Sensor: Published - Temperature: 23.02°C, Humidity: 35.55%
2025-03-21 22:30:42,501 [INFO] MQTT Sensor: Published - Temperature: 23.25°C, Humidity: 44.38%
2025-03-21 22:30:42,501 [INFO] MQTT Sensor: Published - Temperature: 21.00°C, Humidity: 39.84%
2025-03-21 22:30:42,501 [INFO] MQTT Sensor: Published - Temperature: 21.84°C, Humidity: 47.52%
2025-03-21 22:30:42,501 [INFO] MQTT Sensor: Published - Temperature: 20.48°C, Humidity: 42.62%
2025-03-21 22:30:42,502 [INFO] MQTT Sensor: Published - Temperature: 21.74°C, Humidity: 42.33%
2025-03-21 22:30:42,502 [INFO] MQTT Sensor: Published - Temperature: 24.27°C, Humidity: 48.77%
2025-03-21 22:30:42,502 [INFO] MQTT Sensor: Published - Temperature: 24.84°C, Humidity: 45.24%
2025-03-21 22:30:42,502 [INFO] MQTT Sensor: Published - Temperature: 22.74°C, Humidity: 49.34%
2025-03-21 22:30:42,502 [INFO] MQTT Sensor: Published - Temperature: 21.09°C, Humidity: 46.23%
2025-03-21 22:30:42,502 [INFO] MQTT Sensor: Published - Temperature: 22.44°C, Humidity: 41.74%
2025-03-21 22:30:42,502 [INFO] MQTT Sensor: Published - Temperature: 20.02°C, Humidity: 37.42%
2025-03-21 22:30:42,502 [INFO] MQTT Sensor: Stopping simulation...
2025-03-21 22:30:42,503 [INFO] All processes terminated. Exiting application.
2025-03-21 22:30:42,767 [INFO] requirements.txt not found. Installing individual dependencies...
2025-03-21 22:30:49,298 [INFO] Starting all simulation components...
2025-03-21 22:30:49,298 [INFO] Starting mqtt_sensor_simulation.py...
2025-03-21 22:30:49,302 [INFO] Starting coap_sensor_simulation.py...
2025-03-21 22:30:49,305 [INFO] Starting opcua_sensor_simulation.py...
2025-03-21 22:30:49,308 [INFO] Starting data_visualization.py...
2025-03-21 22:30:49,822 [INFO] requirements.txt not found. Installing individual dependencies...
2025-03-21 22:30:49,822 [INFO] Data Visualization: 2025-03-21 22:30:49,822 [INFO] requirements.txt not found. Installing individual dependencies...
2025-03-21 22:30:50,523 [INFO] OPC UA Sensor: Endpoints other than open requested but private key and certificate are not set.
2025-03-21 22:30:50,657 [INFO] Data Visualization: Requirement already satisfied: paho-mqtt==2.1.0 in c:\users\wrigh\desktop\iot_l4\.iot_l4_venv\lib\site-packages (2.1.0)
2025-03-21 22:30:51,692 [INFO] Data Visualization: Requirement already satisfied: aiocoap==0.4.7 in c:\users\wrigh\desktop\iot_l4\.iot_l4_venv\lib\site-packages (0.4.7)
2025-03-21 22:30:52,706 [INFO] Data Visualization: Requirement already satisfied: asyncua==1.0.1 in c:\users\wrigh\desktop\iot_l4\.iot_l4_venv\lib\site-packages (1.0.1)
2025-03-21 22:30:52,707 [INFO] Data Visualization: Requirement already satisfied: aiofiles in c:\users\wrigh\desktop\iot_l4\.iot_l4_venv\lib\site-packages (from asyncua==1.0.1) (24.1.0)
2025-03-21 22:30:52,707 [INFO] Data Visualization: Requirement already satisfied: aiosqlite in c:\users\wrigh\desktop\iot_l4\.iot_l4_venv\lib\site-packages (from asyncua==1.0.1) (0.21.0)
2025-03-21 22:30:52,708 [INFO] Data Visualization: Requirement already satisfied: python-dateutil in c:\users\wrigh\desktop\iot_l4\.iot_l4_venv\lib\site-packages (from asyncua==1.0.1) (2.9.0.post0)
2025-03-21 22:30:52,708 [INFO] Data Visualization: Requirement already satisfied: pytz in c:\users\wrigh\desktop\iot_l4\.iot_l4_venv\lib\site-packages (from asyncua==1.0.1) (2025.1)
2025-03-21 22:30:52,708 [INFO] Data Visualization: Requirement already satisfied: cryptography in c:\users\wrigh\desktop\iot_l4\.iot_l4_venv\lib\site-packages (from asyncua==1.0.1) (44.0.2)
2025-03-21 22:30:52,708 [INFO] Data Visualization: Requirement already satisfied: sortedcontainers in c:\users\wrigh\desktop\iot_l4\.iot_l4_venv\lib\site-packages (from asyncua==1.0.1) (2.4.0)
2025-03-21 22:30:52,710 [INFO] Data Visualization: Requirement already satisfied: typing_extensions>=4.0 in c:\users\wrigh\desktop\iot_l4\.iot_l4_venv\lib\site-packages (from aiosqlite->asyncua==1.0.1) (4.12.2)
2025-03-21 22:30:52,712 [INFO] Data Visualization: Requirement already satisfied: cffi>=1.12 in c:\users\wrigh\desktop\iot_l4\.iot_l4_venv\lib\site-packages (from cryptography->asyncua==1.0.1) (1.17.1)
2025-03-21 22:30:52,713 [INFO] Data Visualization: Requirement already satisfied: six>=1.5 in c:\users\wrigh\desktop\iot_l4\.iot_l4_venv\lib\site-packages (from python-dateutil->asyncua==1.0.1) (1.17.0)
2025-03-21 22:30:52,714 [INFO] Data Visualization: Requirement already satisfied: pycparser in c:\users\wrigh\desktop\iot_l4\.iot_l4_venv\lib\site-packages (from cffi>=1.12->cryptography->asyncua==1.0.1) (2.22)
2025-03-21 22:30:53,772 [INFO] Data Visualization: Requirement already satisfied: pandas==2.1.0 in c:\users\wrigh\desktop\iot_l4\.iot_l4_venv\lib\site-packages (2.1.0)
2025-03-21 22:30:53,777 [INFO] Data Visualization: Requirement already satisfied: numpy>=1.23.2 in c:\users\wrigh\desktop\iot_l4\.iot_l4_venv\lib\site-packages (from pandas==2.1.0) (1.24.3)
2025-03-21 22:30:53,777 [INFO] Data Visualization: Requirement already satisfied: python-dateutil>=2.8.2 in c:\users\wrigh\desktop\iot_l4\.iot_l4_venv\lib\site-packages (from pandas==2.1.0) (2.9.0.post0)
2025-03-21 22:30:53,777 [INFO] Data Visualization: Requirement already satisfied: pytz>=2020.1 in c:\users\wrigh\desktop\iot_l4\.iot_l4_venv\lib\site-packages (from pandas==2.1.0) (2025.1)
2025-03-21 22:30:53,778 [INFO] Data Visualization: Requirement already satisfied: tzdata>=2022.1 in c:\users\wrigh\desktop\iot_l4\.iot_l4_venv\lib\site-packages (from pandas==2.1.0) (2025.1)
2025-03-21 22:30:53,779 [INFO] Data Visualization: Requirement already satisfied: six>=1.5 in c:\users\wrigh\desktop\iot_l4\.iot_l4_venv\lib\site-packages (from python-dateutil>=2.8.2->pandas==2.1.0) (1.17.0)
2025-03-21 22:30:54,805 [INFO] Data Visualization: Requirement already satisfied: numpy==1.24.3 in c:\users\wrigh\desktop\iot_l4\.iot_l4_venv\lib\site-packages (1.24.3)
2025-03-21 22:30:55,855 [INFO] Data Visualization: Requirement already satisfied: matplotlib==3.7.2 in c:\users\wrigh\desktop\iot_l4\.iot_l4_venv\lib\site-packages (3.7.2)
2025-03-21 22:30:55,857 [INFO] Data Visualization: Requirement already satisfied: contourpy>=1.0.1 in c:\users\wrigh\desktop\iot_l4\.iot_l4_venv\lib\site-packages (from matplotlib==3.7.2) (1.3.1)
2025-03-21 22:30:55,857 [INFO] Data Visualization: Requirement already satisfied: cycler>=0.10 in c:\users\wrigh\desktop\iot_l4\.iot_l4_venv\lib\site-packages (from matplotlib==3.7.2) (0.12.1)
2025-03-21 22:30:55,857 [INFO] Data Visualization: Requirement already satisfied: fonttools>=4.22.0 in c:\users\wrigh\desktop\iot_l4\.iot_l4_venv\lib\site-packages (from matplotlib==3.7.2) (4.56.0)
2025-03-21 22:30:55,857 [INFO] Data Visualization: Requirement already satisfied: kiwisolver>=1.0.1 in c:\users\wrigh\desktop\iot_l4\.iot_l4_venv\lib\site-packages (from matplotlib==3.7.2) (1.4.8)
2025-03-21 22:30:55,857 [INFO] Data Visualization: Requirement already satisfied: numpy>=1.20 in c:\users\wrigh\desktop\iot_l4\.iot_l4_venv\lib\site-packages (from matplotlib==3.7.2) (1.24.3)
2025-03-21 22:30:55,858 [INFO] Data Visualization: Requirement already satisfied: packaging>=20.0 in c:\users\wrigh\desktop\iot_l4\.iot_l4_venv\lib\site-packages (from matplotlib==3.7.2) (24.2)
2025-03-21 22:30:55,858 [INFO] Data Visualization: Requirement already satisfied: pillow>=6.2.0 in c:\users\wrigh\desktop\iot_l4\.iot_l4_venv\lib\site-packages (from matplotlib==3.7.2) (11.1.0)
2025-03-21 22:30:55,858 [INFO] Data Visualization: Requirement already satisfied: pyparsing<3.1,>=2.3.1 in c:\users\wrigh\desktop\iot_l4\.iot_l4_venv\lib\site-packages (from matplotlib==3.7.2) (3.0.9)
2025-03-21 22:30:55,858 [INFO] Data Visualization: Requirement already satisfied: python-dateutil>=2.7 in c:\users\wrigh\desktop\iot_l4\.iot_l4_venv\lib\site-packages (from matplotlib==3.7.2) (2.9.0.post0)
2025-03-21 22:30:55,867 [INFO] Data Visualization: Requirement already satisfied: six>=1.5 in c:\users\wrigh\desktop\iot_l4\.iot_l4_venv\lib\site-packages (from python-dateutil>=2.7->matplotlib==3.7.2) (1.17.0)
2025-03-21 22:30:56,230 [INFO] Created visualizations/mqtt_visualization.png
2025-03-21 22:30:56,231 [INFO] Data Visualization: 2025-03-21 22:30:56,230 [INFO] Created visualizations/mqtt_visualization.png
2025-03-21 22:30:56,315 [INFO] Created visualizations/coap_visualization.png
2025-03-21 22:30:56,315 [INFO] Data Visualization: 2025-03-21 22:30:56,315 [INFO] Created visualizations/coap_visualization.png
2025-03-21 22:30:56,392 [INFO] Created visualizations/opcua_visualization.png
2025-03-21 22:30:56,392 [INFO] Data Visualization: 2025-03-21 22:30:56,392 [INFO] Created visualizations/opcua_visualization.png
2025-03-21 22:30:56,441 [INFO] MovieWriter._run: running command: ffmpeg -f rawvideo -vcodec rawvideo -s 640x480 -pix_fmt rgba -r 15 -loglevel error -i pipe: -vcodec h264 -pix_fmt yuv420p -b 1800k -metadata artist=Simulation -y visualizations/visualization_demo.mp4
2025-03-21 22:30:56,441 [INFO] Data Visualization: 2025-03-21 22:30:56,441 [INFO] MovieWriter._run: running command: ffmpeg -f rawvideo -vcodec rawvideo -s 640x480 -pix_fmt rgba -r 15 -loglevel error -i pipe: -vcodec h264 -pix_fmt yuv420p -b 1800k -metadata artist=Simulation -y visualizations/visualization_demo.mp4
2025-03-21 22:30:58,191 [INFO] Created visualizations/visualization_demo.mp4
2025-03-21 22:30:58,191 [INFO] Data Visualization: 2025-03-21 22:30:58,191 [INFO] Created visualizations/visualization_demo.mp4
2025-03-21 22:30:58,193 [INFO] Starting all simulation components...
2025-03-21 22:30:58,193 [INFO] Starting mqtt_sensor_simulation.py...
2025-03-21 22:30:58,193 [INFO] Data Visualization: 2025-03-21 22:30:58,193 [INFO] Starting all simulation components...
2025-03-21 22:30:58,193 [INFO] Data Visualization: 2025-03-21 22:30:58,193 [INFO] Starting mqtt_sensor_simulation.py...
2025-03-21 22:30:58,198 [INFO] Starting coap_sensor_simulation.py...
2025-03-21 22:30:58,198 [INFO] Data Visualization: 2025-03-21 22:30:58,198 [INFO] Starting coap_sensor_simulation.py...
2025-03-21 22:30:58,201 [INFO] Starting opcua_sensor_simulation.py...
2025-03-21 22:30:58,201 [INFO] Data Visualization: 2025-03-21 22:30:58,201 [INFO] Starting opcua_sensor_simulation.py...
2025-03-21 22:30:58,204 [INFO] Starting data_visualization.py...
2025-03-21 22:30:58,204 [INFO] Data Visualization: 2025-03-21 22:30:58,204 [INFO] Starting data_visualization.py...
2025-03-21 22:30:58,508 [INFO] CoAP Sensor: Traceback (most recent call last):
2025-03-21 22:30:58,508 [INFO] CoAP Sensor: File "C:\Users\Wrigh\Desktop\IOT_L4\coap_sensor_simulation.py", line 34, in <module>
2025-03-21 22:30:58,508 [INFO] CoAP Sensor: asyncio.run(main())
2025-03-21 22:30:58,508 [INFO] Data Visualization: 2025-03-21 22:30:58,508 [INFO] CoAP Sensor: Traceback (most recent call last):
ine 190, in run
2025-03-21 22:30:58,508 [INFO] CoAP Sensor: return runner.run(main)
2025-03-21 22:30:58,508 [INFO] CoAP Sensor: ^^^^^^^^^^^^^^^^
2025-03-21 22:30:58,508 [INFO] CoAP Sensor: File "C:\Users\Wrigh\AppData\Local\Programs\Python\Python311\Lib\asyncio\runners.py", line 118, in run
2025-03-21 22:30:58,508 [INFO] CoAP Sensor: return self._loop.run_until_complete(task)
2025-03-21 22:30:58,508 [INFO] Data Visualization: 2025-03-21 22:30:58,508 [INFO] CoAP Sensor: File "C:\Users\Wrigh\Desktop\IOT_L4\coap_sensor_simulation.py", line 34, in <module>
2025-03-21 22:30:58,508 [INFO] CoAP Sensor: ^^^^^^^^^^^^^^^^^^^^^^^^^^^^^^^^^^^
2025-03-21 22:30:58,508 [INFO] CoAP Sensor: File "C:\Users\Wrigh\AppData\Local\Programs\Python\Python311\Lib\asyncio\base_events.py", line 654, in run_until_complete
2025-03-21 22:30:58,509 [INFO] CoAP Sensor: return future.result()
2025-03-21 22:30:58,509 [INFO] CoAP Sensor: ^^^^^^^^^^^^^^^
2025-03-21 22:30:58,509 [INFO] CoAP Sensor: File "C:\Users\Wrigh\Desktop\IOT_L4\coap_sensor_simulation.py", line 23, in main
2025-03-21 22:30:58,509 [INFO] Data Visualization: 2025-03-21 22:30:58,508 [INFO] CoAP Sensor: asyncio.run(main())
2025-03-21 22:30:58,509 [INFO] CoAP Sensor: context = await Context.create_server_context(root, bind=('localhost', 5683))
2025-03-21 22:30:58,509 [INFO] CoAP Sensor: ^^^^^^^^^^^^^^^^^^^^^^^^^^^^^^^^^^^^^^^^^^^^^^^^^^^^^^^^^^^^^^^^^^^
2025-03-21 22:30:58,509 [INFO] CoAP Sensor: File "C:\Users\Wrigh\Desktop\IOT_L4\.IOT_L4_venv\Lib\site-packages\aiocoap\protocol.py", line 268, in create_server_context
2025-03-21 22:30:58,509 [INFO] Data Visualization: 2025-03-21 22:30:58,508 [INFO] CoAP Sensor: File "C:\Users\Wrigh\AppData\Local\Programs\Python\Python311\Lib\asyncio\runners.py", line 190, in run
2025-03-21 22:30:58,509 [INFO] CoAP Sensor: await self._append_tokenmanaged_transport(
2025-03-21 22:30:58,509 [INFO] CoAP Sensor: File "C:\Users\Wrigh\Desktop\IOT_L4\.IOT_L4_venv\Lib\site-packages\aiocoap\protocol.py", line 145, in _append_tokenmanaged_transport
2025-03-21 22:30:58,509 [INFO] CoAP Sensor: transport = await token_interface_constructor(tman)
2025-03-21 22:30:58,509 [INFO] Data Visualization: 2025-03-21 22:30:58,508 [INFO] CoAP Sensor: ^^^^^^^^^^^^^^^^
2025-03-21 22:30:58,509 [INFO] CoAP Sensor: ^^^^^^^^^^^^^^^^^^^^^^^^^^^^^^^^^^^^^^^
2025-03-21 22:30:58,509 [INFO] CoAP Sensor: File "C:\Users\Wrigh\Desktop\IOT_L4\.IOT_L4_venv\Lib\site-packages\aiocoap\transports\tcp.py", line 296, in create_server
2025-03-21 22:30:58,509 [INFO] Data Visualization: 2025-03-21 22:30:58,508 [INFO] CoAP Sensor: File "C:\Users\Wrigh\AppData\Local\Programs\Python\Python311\Lib\asyncio\runners.py", line 118, in run
2025-03-21 22:30:58,509 [INFO] CoAP Sensor: ^^^^^^^^^^^^^^^^^^^^^^^^^^^^^^^^^^^^^^^^^^^^^^^^^^^^^^^^^^
2025-03-21 22:30:58,509 [INFO] CoAP Sensor: File "C:\Users\Wrigh\AppData\Local\Programs\Python\Python311\Lib\asyncio\base_events.py", line 1536, in create_server
2025-03-21 22:30:58,509 [INFO] Data Visualization: 2025-03-21 22:30:58,508 [INFO] CoAP Sensor: return self._loop.run_until_complete(task)
2025-03-21 22:30:58,509 [INFO] Data Visualization: 2025-03-21 22:30:58,508 [INFO] CoAP Sensor: ^^^^^^^^^^^^^^^^^^^^^^^^^^^^^^^^^^^
2025-03-21 22:30:58,509 [INFO] CoAP Sensor: raise OSError(err.errno, msg) from None
2025-03-21 22:30:58,510 [INFO] CoAP Sensor: OSError: [Errno 10048] error while attempting to bind on address ('127.0.0.1', 5683): only one usage of each socket address (protocol/network address/port) is normally permitted
2025-03-21 22:30:58,510 [INFO] Data Visualization: 2025-03-21 22:30:58,508 [INFO] CoAP Sensor: File "C:\Users\Wrigh\AppData\Local\Programs\Python\Python311\Lib\asyncio\base_events.py", line 654, in run_until_complete
2025-03-21 22:30:58,510 [INFO] Data Visualization: 2025-03-21 22:30:58,509 [INFO] CoAP Sensor: return future.result()
2025-03-21 22:30:58,510 [INFO] Data Visualization: 2025-03-21 22:30:58,509 [INFO] CoAP Sensor: ^^^^^^^^^^^^^^^
2025-03-21 22:30:58,510 [INFO] Data Visualization: 2025-03-21 22:30:58,509 [INFO] CoAP Sensor: File "C:\Users\Wrigh\Desktop\IOT_L4\coap_sensor_simulation.py", line 23, in main
2025-03-21 22:30:58,510 [INFO] Data Visualization: 2025-03-21 22:30:58,509 [INFO] CoAP Sensor: context = await Context.create_server_context(root, bind=('localhost', 5683))
2025-03-21 22:30:58,510 [INFO] Data Visualization: 2025-03-21 22:30:58,509 [INFO] CoAP Sensor: ^^^^^^^^^^^^^^^^^^^^^^^^^^^^^^^^^^^^^^^^^^^^^^^^^^^^^^^^^^^^^^^^^^^
2025-03-21 22:30:58,510 [INFO] Data Visualization: 2025-03-21 22:30:58,509 [INFO] CoAP Sensor: File "C:\Users\Wrigh\Desktop\IOT_L4\.IOT_L4_venv\Lib\site-packages\aiocoap\protocol.py", line 268, in create_server_context
2025-03-21 22:30:58,510 [INFO] Data Visualization: 2025-03-21 22:30:58,509 [INFO] CoAP Sensor: await self._append_tokenmanaged_transport(
2025-03-21 22:30:58,510 [INFO] Data Visualization: 2025-03-21 22:30:58,509 [INFO] CoAP Sensor: File "C:\Users\Wrigh\Desktop\IOT_L4\.IOT_L4_venv\Lib\site-packages\aiocoap\protocol.py", line 145, in _append_tokenmanaged_transport
2025-03-21 22:30:58,511 [INFO] Data Visualization: 2025-03-21 22:30:58,509 [INFO] CoAP Sensor: transport = await token_interface_constructor(tman)
2025-03-21 22:30:58,511 [INFO] Data Visualization: 2025-03-21 22:30:58,509 [INFO] CoAP Sensor: ^^^^^^^^^^^^^^^^^^^^^^^^^^^^^^^^^^^^^^^
2025-03-21 22:30:58,511 [INFO] Data Visualization: 2025-03-21 22:30:58,509 [INFO] CoAP Sensor: File "C:\Users\Wrigh\Desktop\IOT_L4\.IOT_L4_venv\Lib\site-packages\aiocoap\transports\tcp.py", line 296, in create_server
2025-03-21 22:30:58,511 [INFO] Data Visualization: 2025-03-21 22:30:58,509 [INFO] CoAP Sensor: server = await loop.create_server(new_connection, bind[0], bind[1],
2025-03-21 22:30:58,511 [INFO] Data Visualization: 2025-03-21 22:30:58,509 [INFO] CoAP Sensor: ^^^^^^^^^^^^^^^^^^^^^^^^^^^^^^^^^^^^^^^^^^^^^^^^^^^^^^^^^^
2025-03-21 22:30:58,511 [INFO] Data Visualization: 2025-03-21 22:30:58,509 [INFO] CoAP Sensor: File "C:\Users\Wrigh\AppData\Local\Programs\Python\Python311\Lib\asyncio\base_events.py", line 1536, in create_server
2025-03-21 22:30:58,511 [INFO] Data Visualization: 2025-03-21 22:30:58,509 [INFO] CoAP Sensor: raise OSError(err.errno, msg) from None
2025-03-21 22:30:58,511 [INFO] Data Visualization: 2025-03-21 22:30:58,510 [INFO] CoAP Sensor: OSError: [Errno 10048] error while attempting to bind on address ('127.0.0.1', 5683): only one usage of each socket address (protocol/network address/port) is normally permitted
2025-03-21 22:30:58,707 [INFO] requirements.txt not found. Installing individual dependencies...
2025-03-21 22:30:58,707 [INFO] Data Visualization: 2025-03-21 22:30:58,707 [INFO] requirements.txt not found. Installing individual dependencies...
2025-03-21 22:30:58,707 [INFO] Data Visualization: 2025-03-21 22:30:58,707 [INFO] Data Visualization: 2025-03-21 22:30:58,707 [INFO] requirements.txt not found. Installing individual dependencies...
2025-03-21 22:30:59,209 [WARNING] CoAP Sensor process terminated unexpectedly.
2025-03-21 22:30:59,209 [INFO] Terminating MQTT Sensor process...
2025-03-21 22:30:59,209 [INFO] Data Visualization: 2025-03-21 22:30:59,209 [WARNING] CoAP Sensor process terminated unexpectedly.
2025-03-21 22:30:59,209 [INFO] Terminating CoAP Sensor process...
2025-03-21 22:30:59,209 [INFO] Terminating OPC UA Sensor process...
2025-03-21 22:30:59,209 [INFO] Terminating Data Visualization process...
2025-03-21 22:30:59,209 [INFO] Data Visualization: 2025-03-21 22:30:59,209 [INFO] Terminating MQTT Sensor process...
2025-03-21 22:30:59,209 [INFO] Data Visualization: 2025-03-21 22:30:59,209 [INFO] Terminating CoAP Sensor process...
2025-03-21 22:30:59,209 [INFO] Data Visualization: 2025-03-21 22:30:59,209 [INFO] Terminating OPC UA Sensor process...
2025-03-21 22:30:59,209 [INFO] Data Visualization: 2025-03-21 22:30:59,209 [INFO] Terminating Data Visualization process...
2025-03-21 22:30:59,539 [INFO] Data Visualization: Requirement already satisfied: paho-mqtt==2.1.0 in c:\users\wrigh\desktop\iot_l4\.iot_l4_venv\lib\site-packages (2.1.0)
2025-03-21 22:30:59,540 [INFO] Data Visualization: 2025-03-21 22:30:59,539 [INFO] Data Visualization: Requirement already satisfied: paho-mqtt==2.1.0 in c:\users\wrigh\desktop\iot_l4\.iot_l4_venv\lib\site-packages (2.1.0)
2025-03-21 22:30:59,779 [INFO] All processes terminated. Exiting application.
2025-03-21 22:30:59,779 [INFO] Data Visualization: 2025-03-21 22:30:59,779 [INFO] All processes terminated. Exiting application.
2025-03-21 22:31:00,315 [WARNING] Data Visualization process terminated unexpectedly.
2025-03-21 22:31:00,315 [INFO] Terminating MQTT Sensor process...
2025-03-21 22:31:00,315 [INFO] Terminating CoAP Sensor process...
2025-03-21 22:31:00,315 [INFO] Terminating OPC UA Sensor process...
2025-03-21 22:31:00,316 [INFO] Terminating Data Visualization process...
2025-03-21 22:31:00,317 [INFO] All processes terminated. Exiting application.
